<?xml version="1.0" encoding="UTF-8"?>
<testng-results ignored="0" total="1" passed="1" failed="0" skipped="0">
  <reporter-output>
  </reporter-output>
  <suite started-at="2024-06-02T02:11:37 IST" name="Default suite" finished-at="2024-06-02T02:12:38 IST" duration-ms="61323">
    <groups>
    </groups>
    <test started-at="2024-06-02T02:11:37 IST" name="Default test" finished-at="2024-06-02T02:12:38 IST" duration-ms="61323">
      <class name="Demo.De.TestShoppingDemo">
        <test-method is-config="true" signature="setUp()[pri:0, instance:Demo.De.TestShoppingDemo@2892d68]" started-at="2024-06-02T02:11:37 IST" name="setUp" finished-at="2024-06-02T02:11:52 IST" duration-ms="15174" status="PASS">
          <reporter-output>
          </reporter-output>
        </test-method> <!-- setUp -->
        <test-method signature="test()[pri:0, instance:Demo.De.TestShoppingDemo@2892d68]" started-at="2024-06-02T02:11:52 IST" name="test" finished-at="2024-06-02T02:12:38 IST" duration-ms="46070" status="PASS">
          <reporter-output>
          </reporter-output>
        </test-method> <!-- test -->
      </class> <!-- Demo.De.TestShoppingDemo -->
    </test> <!-- Default test -->
  </suite> <!-- Default suite -->
</testng-results>
