<?xml version="1.0" encoding="UTF-8"?>
<testng-results ignored="0" total="1" passed="1" failed="0" skipped="0">
  <reporter-output>
  </reporter-output>
  <suite started-at="2024-06-01T12:55:59 IST" name="Default suite" finished-at="2024-06-01T12:57:22 IST" duration-ms="83398">
    <groups>
    </groups>
    <test started-at="2024-06-01T12:55:59 IST" name="Default test" finished-at="2024-06-01T12:57:22 IST" duration-ms="83398">
      <class name="Demo.De.TestShoppingDemo">
        <test-method is-config="true" signature="setUp()[pri:0, instance:Demo.De.TestShoppingDemo@2892d68]" started-at="2024-06-01T12:55:59 IST" name="setUp" finished-at="2024-06-01T12:56:24 IST" duration-ms="25468" status="PASS">
          <reporter-output>
          </reporter-output>
        </test-method> <!-- setUp -->
        <test-method signature="test()[pri:0, instance:Demo.De.TestShoppingDemo@2892d68]" started-at="2024-06-01T12:56:25 IST" name="test" finished-at="2024-06-01T12:57:22 IST" duration-ms="57541" status="PASS">
          <reporter-output>
          </reporter-output>
        </test-method> <!-- test -->
      </class> <!-- Demo.De.TestShoppingDemo -->
    </test> <!-- Default test -->
  </suite> <!-- Default suite -->
</testng-results>
